\BOOKMARK [1][-]{section.1}{Summary}{}% 1
\BOOKMARK [2][-]{subsection.1.1}{Abbreviations\040used\040in\040the\040text}{section.1}% 2
\BOOKMARK [3][-]{subsubsection.1.1.1}{Sutta\040Collections}{subsection.1.1}% 3
\BOOKMARK [3][-]{subsubsection.1.1.2}{Sutta\040Collections\040\(cont.\)}{subsection.1.1}% 4
\BOOKMARK [3][-]{subsubsection.1.1.3}{Vinaya\040Collections}{subsection.1.1}% 5
\BOOKMARK [3][-]{subsubsection.1.1.4}{Abhidhamma\040Collections}{subsection.1.1}% 6
\BOOKMARK [3][-]{subsubsection.1.1.5}{Commentaries}{subsection.1.1}% 7
\BOOKMARK [1][-]{section.2}{Methodology}{}% 8
\BOOKMARK [2][-]{subsection.2.1}{Sourcing\040texts}{section.2}% 9
\BOOKMARK [3][-]{subsubsection.2.1.1}{Variant\040readings}{subsection.2.1}% 10
\BOOKMARK [3][-]{subsubsection.2.1.2}{Abbreviations}{subsection.2.1}% 11
\BOOKMARK [2][-]{subsection.2.2}{Other\040materials\040used}{section.2}% 12
\BOOKMARK [2][-]{subsection.2.3}{Method\040of\040analysis}{section.2}% 13
\BOOKMARK [1][-]{section.3}{Average\040Word\040Length\040\(AWL\)\040analysis}{}% 14
\BOOKMARK [2][-]{subsection.3.1}{First\040results}{section.3}% 15
\BOOKMARK [2][-]{subsection.3.2}{The\040influence\040of\040headings}{section.3}% 16
\BOOKMARK [2][-]{subsection.3.3}{Verse, prose and mātikā}{section.3}% 17
\BOOKMARK [2][-]{subsection.3.4}{Collections\040with\040a\040very\040high\040or\040low\040value}{section.3}% 18
\BOOKMARK [3][-]{subsubsection.3.4.1}{Dhammapada\040\(dhp\)}{subsection.3.4}% 19
\BOOKMARK [3][-]{subsubsection.3.4.2}{Jātaka \(ja\)}{subsection.3.4}% 20
\BOOKMARK [3][-]{subsubsection.3.4.3}{Vimānavatthu \(vv\) and Petavatthu \(pv\)}{subsection.3.4}% 21
\BOOKMARK [3][-]{subsubsection.3.4.4}{Therāpadāna \(tha-ap\) and Therīapadāna \(thi-ap\)}{subsection.3.4}% 22
\BOOKMARK [3][-]{subsubsection.3.4.5}{Cariyāpiṭaka \(cp\) and Buddhavaṃsa \(bv\)}{subsection.3.4}% 23
\BOOKMARK [3][-]{subsubsection.3.4.6}{Paṭisambhidāmagga \(ps\)}{subsection.3.4}% 24
\BOOKMARK [3][-]{subsubsection.3.4.7}{Peṭakopadesa \(pe\)}{subsection.3.4}% 25
\BOOKMARK [3][-]{subsubsection.3.4.8}{Bhikkhunī Pātimokkha \(pli-tv-bi-pm\)}{subsection.3.4}% 26
\BOOKMARK [3][-]{subsubsection.3.4.9}{Parivāra \(pli-tv-pvr\)}{subsection.3.4}% 27
\BOOKMARK [3][-]{subsubsection.3.4.10}{Dhammasaṅgaṇī \(ds\)}{subsection.3.4}% 28
\BOOKMARK [3][-]{subsubsection.3.4.11}{Vibhaṅga \(vb\)}{subsection.3.4}% 29
\BOOKMARK [3][-]{subsubsection.3.4.12}{Paṭṭhāna \(patthana\)}{subsection.3.4}% 30
\BOOKMARK [3][-]{subsubsection.3.4.13}{Aṭṭhakathā \(atk\)}{subsection.3.4}% 31
\BOOKMARK [1][-]{section.4}{Analysis\040of\040Average\040Word\040Length\040ratios}{}% 32
\BOOKMARK [2][-]{subsection.4.1}{AWL\040ranges\040within\040collections}{section.4}% 33
\BOOKMARK [2][-]{subsection.4.2}{Weighted\040AWL\040ratios}{section.4}% 34
\BOOKMARK [1][-]{section.5}{Conclusion}{}% 35
